#
# A fatal error has been detected by the Java Runtime Environment:
#
#  EXCEPTION_ACCESS_VIOLATION (0xc0000005) at pc=0x00000000774a0a00, pid=2340, tid=0x0000000000002db0
#
# JRE version: Java(TM) SE Runtime Environment (8.0_211-b12) (build 1.8.0_211-b12)
# Java VM: Java HotSpot(TM) 64-Bit Server VM (25.211-b12 mixed mode windows-amd64 compressed oops)
# Problematic frame:
# V  [jvm.dll+0xb0a00]
#
# Failed to write core dump. Minidumps are not enabled by default on client versions of Windows
#
# If you would like to submit a bug report, please visit:
#   http://bugreport.java.com/bugreport/crash.jsp
#

---------------  T H R E A D  ---------------

Current thread (0x00000000029ba000):  ConcurrentGCThread [stack: 0x0000000015440000,0x0000000015540000] [id=11696]

siginfo: ExceptionCode=0xc0000005, reading address 0x000000063ba80888

Registers:
RAX=0x00000000029bcc70, RBX=0x00000000c0fdaa90, RCX=0x00000000c0fdaa90, RDX=0x000000063ba80880
RSP=0x000000001553f0a8, RBP=0x00000000029778d0, RSI=0x0000000002a15f90, RDI=0x00000000029fcd50
R8 =0x0000000002a15f90, R9 =0x00000000029fcd50, R10=0x0000000002955080, R11=0x8040240201008040
R12=0x00000001003e44e0, R13=0x00000000c34c9360, R14=0x00000001003e42b0, R15=0x00000000029ba798
RIP=0x00000000774a0a00, EFLAGS=0x0000000000010202

Top of Stack: (sp=0x000000001553f0a8)
0x000000001553f0a8:   00000000774f951a 00000000c34c9438
0x000000001553f0b8:   00007ffd62768a85 0000000100001938
0x000000001553f0c8:   00000000774f4fbf 00000000029bcc70
0x000000001553f0d8:   00000000774f9544 00000000c34c9438
0x000000001553f0e8:   0000000000000015 00000000029778d0
0x000000001553f0f8:   00000000774f95bc 00000000c0fdaa90
0x000000001553f108:   0000000002a15f90 00000000029fcd50
0x000000001553f118:   0000000000000006 00000000029bcc70
0x000000001553f128:   0000000000000000 00000000029fed60
0x000000001553f138:   00000000774f96ac 00000000c0fdaa90
0x000000001553f148:   000000001553f350 00000000c34c938c
0x000000001553f158:   000000000000000c 00000000029bcc70
0x000000001553f168:   0000000000000000 00000001003e44d8
0x000000001553f178:   00000000774fd545 00000000c34c9370
0x000000001553f188:   000000000000000c 00000000029bcc70
0x000000001553f198:   000000001553f320 00000000c34c9360 

Instructions: (pc=0x00000000774a0a00)
0x00000000774a09e0:   dc de 1d 00 48 8b 9c 24 d0 00 00 00 48 81 c4 c0
0x00000000774a09f0:   00 00 00 5d c3 cc cc cc cc cc cc cc cc cc cc cc
0x00000000774a0a00:   44 8b 42 08 4c 8b ca 45 85 c0 7e 0e 41 f6 c0 01
0x00000000774a0a10:   75 57 41 c1 f8 03 41 8b c0 c3 79 4d 80 3d 1e 5f 


Register to memory mapping:

RAX=0x00000000029bcc70 is an unknown value
RBX=0x00000000c0fdaa90 is pointing into object: 0x00000000c0fdaa78
org.eclipse.jdt.internal.compiler.lookup.MethodBinding 
 - klass: 'org/eclipse/jdt/internal/compiler/lookup/MethodBinding'
RCX=0x00000000c0fdaa90 is pointing into object: 0x00000000c0fdaa78
org.eclipse.jdt.internal.compiler.lookup.MethodBinding 
 - klass: 'org/eclipse/jdt/internal/compiler/lookup/MethodBinding'
RDX=0x000000063ba80880 is an unknown value
RSP=0x000000001553f0a8 is an unknown value
RBP=0x00000000029778d0 is an unknown value
RSI=0x0000000002a15f90 is an unknown value
RDI=0x00000000029fcd50 is an unknown value
R8 =0x0000000002a15f90 is an unknown value
R9 =0x00000000029fcd50 is an unknown value
R10=0x0000000002955080 is an unknown value
R11=0x8040240201008040 is an unknown value
R12=0x00000001003e44e0 is pointing into metadata
R13=0x00000000c34c9360 is an oop
com.google.gson.internal.LinkedTreeMap$Node 
 - klass: 'com/google/gson/internal/LinkedTreeMap$Node'
R14=0x00000001003e42b0 is pointing into metadata
R15=0x00000000029ba798 is an unknown value


Stack: [0x0000000015440000,0x0000000015540000],  sp=0x000000001553f0a8,  free space=1020k
Native frames: (J=compiled Java code, j=interpreted, Vv=VM code, C=native code)
V  [jvm.dll+0xb0a00]


---------------  P R O C E S S  ---------------

Java Threads: ( => current thread )
  0x000000001aefa000 JavaThread "pool-63-thread-1" [_thread_blocked, id=12996, stack(0x000000002dff0000,0x000000002e0f0000)]
  0x000000001aef9000 JavaThread "pool-62-thread-1" [_thread_blocked, id=12804, stack(0x000000002def0000,0x000000002dff0000)]
  0x000000001a373800 JavaThread "ForkJoinPool.commonPool-worker-3" daemon [_thread_blocked, id=12852, stack(0x000000002ddf0000,0x000000002def0000)]
  0x000000001aef7000 JavaThread "ForkJoinPool.commonPool-worker-2" daemon [_thread_in_Java, id=6452, stack(0x000000002dcf0000,0x000000002ddf0000)]
  0x000000001a372000 JavaThread "ForkJoinPool.commonPool-worker-1" daemon [_thread_blocked, id=11148, stack(0x000000002dbf0000,0x000000002dcf0000)]
  0x000000001aef7800 JavaThread "Worker-14" [_thread_blocked, id=9184, stack(0x000000002cff0000,0x000000002d0f0000)]
  0x000000001a372800 JavaThread "Worker-13" [_thread_blocked, id=13172, stack(0x000000002c5f0000,0x000000002c6f0000)]
  0x000000001aef6000 JavaThread "Worker-12" [_thread_blocked, id=11980, stack(0x000000002baf0000,0x000000002bbf0000)]
  0x000000001a83f000 JavaThread "Worker-9" [_thread_blocked, id=2632, stack(0x000000002a4f0000,0x000000002a5f0000)]
  0x000000001d8c6000 JavaThread "Worker-5" [_thread_blocked, id=10604, stack(0x0000000022c20000,0x0000000022d20000)]
  0x000000001d389800 JavaThread "Worker-4" [_thread_blocked, id=7352, stack(0x000000001f540000,0x000000001f640000)]
  0x000000001a67c000 JavaThread "pool-1-thread-1" [_thread_in_native, id=8668, stack(0x000000001eef0000,0x000000001eff0000)]
  0x0000000019841000 JavaThread "Java indexing" daemon [_thread_blocked, id=9848, stack(0x000000001c250000,0x000000001c350000)]
  0x000000001a9e8000 JavaThread "Worker-JM" [_thread_blocked, id=1928, stack(0x000000001b950000,0x000000001ba50000)]
  0x000000001a4a2800 JavaThread "Bundle File Closer" daemon [_thread_blocked, id=5824, stack(0x000000001b370000,0x000000001b470000)]
  0x000000001a185800 JavaThread "Start Level: Equinox Container: 5c1a2fca-e361-48a6-bf14-abe71566a1f7" daemon [_thread_blocked, id=7860, stack(0x000000001b170000,0x000000001b270000)]
  0x000000001a9cb000 JavaThread "Framework Event Dispatcher: Equinox Container: 5c1a2fca-e361-48a6-bf14-abe71566a1f7" daemon [_thread_blocked, id=7208, stack(0x000000001b070000,0x000000001b170000)]
  0x0000000019a3c800 JavaThread "Active Thread: Equinox Container: 5c1a2fca-e361-48a6-bf14-abe71566a1f7" [_thread_blocked, id=2180, stack(0x000000001af70000,0x000000001b070000)]
  0x000000001878f800 JavaThread "Service Thread" daemon [_thread_blocked, id=13240, stack(0x0000000019460000,0x0000000019560000)]
  0x0000000018770800 JavaThread "C1 CompilerThread2" daemon [_thread_blocked, id=10292, stack(0x0000000019360000,0x0000000019460000)]
  0x000000001876d000 JavaThread "C2 CompilerThread1" daemon [_thread_in_native, id=10932, stack(0x0000000019260000,0x0000000019360000)]
  0x000000001876c800 JavaThread "C2 CompilerThread0" daemon [_thread_blocked, id=11964, stack(0x0000000019160000,0x0000000019260000)]
  0x000000001876b800 JavaThread "Attach Listener" daemon [_thread_blocked, id=10324, stack(0x0000000019060000,0x0000000019160000)]
  0x0000000018766800 JavaThread "Signal Dispatcher" daemon [_thread_blocked, id=12460, stack(0x0000000018f60000,0x0000000019060000)]
  0x0000000018761800 JavaThread "Surrogate Locker Thread (Concurrent GC)" daemon [_thread_blocked, id=9264, stack(0x0000000018e60000,0x0000000018f60000)]
  0x00000000186e6000 JavaThread "Finalizer" daemon [_thread_blocked, id=5452, stack(0x0000000018b60000,0x0000000018c60000)]
  0x00000000186e3000 JavaThread "Reference Handler" daemon [_thread_blocked, id=5004, stack(0x0000000018a60000,0x0000000018b60000)]
  0x0000000002942800 JavaThread "main" [_thread_blocked, id=1684, stack(0x0000000002840000,0x0000000002940000)]

Other Threads:
  0x00000000186df000 VMThread [stack: 0x0000000018480000,0x0000000018580000] [id=10452]
  0x00000000187db000 WatcherThread [stack: 0x0000000019560000,0x0000000019660000] [id=12312]

=>0x00000000029ba000 (exited) ConcurrentGCThread [stack: 0x0000000015440000,0x0000000015540000] [id=11696]

VM state:not at safepoint (normal execution)

VM Mutex/Monitor currently owned by a thread: None

heap address: 0x00000000c0000000, size: 1024 MB, Compressed Oops mode: 32-bit
Narrow klass base: 0x0000000000000000, Narrow klass shift: 3
Compressed class space size: 1073741824 Address: 0x0000000100000000

Heap:
 garbage-first heap   total 172032K, used 140769K [0x00000000c0000000, 0x00000000c0100540, 0x0000000100000000)
  region size 1024K, 38 young (38912K), 2 survivors (2048K)
 Metaspace       used 61297K, capacity 64516K, committed 65104K, reserved 1107968K
  class space    used 5865K, capacity 6909K, committed 6992K, reserved 1048576K

Heap Regions: (Y=young(eden), SU=young(survivor), HS=humongous(starts), HC=humongous(continues), CS=collection set, F=free, TS=gc time stamp, PTAMS=previous top-at-mark-start, NTAMS=next top-at-mark-start)
AC   0  O    TS     0 PTAMS 0x00000000c0100000 NTAMS 0x00000000c0100000 space 1024K, 100% used [0x00000000c0000000, 0x00000000c0100000)
AC   0  O    TS     0 PTAMS 0x00000000c0200000 NTAMS 0x00000000c0200000 space 1024K, 100% used [0x00000000c0100000, 0x00000000c0200000)
AC   0  O    TS     0 PTAMS 0x00000000c0300000 NTAMS 0x00000000c0300000 space 1024K, 100% used [0x00000000c0200000, 0x00000000c0300000)
AC   0  O    TS     0 PTAMS 0x00000000c0400000 NTAMS 0x00000000c0400000 space 1024K, 100% used [0x00000000c0300000, 0x00000000c0400000)
AC   0  O    TS     0 PTAMS 0x00000000c0500000 NTAMS 0x00000000c0500000 space 1024K, 100% used [0x00000000c0400000, 0x00000000c0500000)
AC   0  O    TS     0 PTAMS 0x00000000c0600000 NTAMS 0x00000000c0600000 space 1024K, 100% used [0x00000000c0500000, 0x00000000c0600000)
AC   0  O    TS     0 PTAMS 0x00000000c0700000 NTAMS 0x00000000c0700000 space 1024K, 100% used [0x00000000c0600000, 0x00000000c0700000)
AC   0  O    TS     0 PTAMS 0x00000000c0800000 NTAMS 0x00000000c0800000 space 1024K, 100% used [0x00000000c0700000, 0x00000000c0800000)
AC   0  O    TS     0 PTAMS 0x00000000c0900000 NTAMS 0x00000000c0900000 space 1024K, 100% used [0x00000000c0800000, 0x00000000c0900000)
AC   0  O    TS     0 PTAMS 0x00000000c0a00000 NTAMS 0x00000000c0a00000 space 1024K, 100% used [0x00000000c0900000, 0x00000000c0a00000)
AC   0  O    TS     0 PTAMS 0x00000000c0b00000 NTAMS 0x00000000c0b00000 space 1024K, 100% used [0x00000000c0a00000, 0x00000000c0b00000)
AC   0  O    TS     0 PTAMS 0x00000000c0c00000 NTAMS 0x00000000c0c00000 space 1024K, 100% used [0x00000000c0b00000, 0x00000000c0c00000)
AC   0  O    TS     0 PTAMS 0x00000000c0d00000 NTAMS 0x00000000c0d00000 space 1024K, 100% used [0x00000000c0c00000, 0x00000000c0d00000)
AC   0  O    TS     0 PTAMS 0x00000000c0e00000 NTAMS 0x00000000c0e00000 space 1024K, 100% used [0x00000000c0d00000, 0x00000000c0e00000)
AC   0  O    TS     0 PTAMS 0x00000000c0f00000 NTAMS 0x00000000c0f00000 space 1024K, 100% used [0x00000000c0e00000, 0x00000000c0f00000)
AC   0  O    TS     3 PTAMS 0x00000000c0f00000 NTAMS 0x00000000c1000000 space 1024K, 100% used [0x00000000c0f00000, 0x00000000c1000000)
AC   0  O    TS     0 PTAMS 0x00000000c1100000 NTAMS 0x00000000c1100000 space 1024K, 100% used [0x00000000c1000000, 0x00000000c1100000)
AC   0  O    TS     0 PTAMS 0x00000000c1200000 NTAMS 0x00000000c1200000 space 1024K, 100% used [0x00000000c1100000, 0x00000000c1200000)
AC   0  O    TS     0 PTAMS 0x00000000c1300000 NTAMS 0x00000000c1300000 space 1024K, 100% used [0x00000000c1200000, 0x00000000c1300000)
AC   0  O    TS     0 PTAMS 0x00000000c1400000 NTAMS 0x00000000c1400000 space 1024K, 100% used [0x00000000c1300000, 0x00000000c1400000)
AC   0  O    TS     0 PTAMS 0x00000000c1500000 NTAMS 0x00000000c1500000 space 1024K, 100% used [0x00000000c1400000, 0x00000000c1500000)
AC   0  O    TS     0 PTAMS 0x00000000c1600000 NTAMS 0x00000000c1600000 space 1024K, 100% used [0x00000000c1500000, 0x00000000c1600000)
AC   0  O    TS     0 PTAMS 0x00000000c1700000 NTAMS 0x00000000c1700000 space 1024K, 100% used [0x00000000c1600000, 0x00000000c1700000)
AC   0  O    TS     0 PTAMS 0x00000000c1800000 NTAMS 0x00000000c1800000 space 1024K, 100% used [0x00000000c1700000, 0x00000000c1800000)
AC   0  O    TS     0 PTAMS 0x00000000c1900000 NTAMS 0x00000000c1900000 space 1024K, 100% used [0x00000000c1800000, 0x00000000c1900000)
AC   0  O    TS     0 PTAMS 0x00000000c1a00000 NTAMS 0x00000000c1a00000 space 1024K, 100% used [0x00000000c1900000, 0x00000000c1a00000)
AC   0  O    TS     0 PTAMS 0x00000000c1b00000 NTAMS 0x00000000c1b00000 space 1024K, 100% used [0x00000000c1a00000, 0x00000000c1b00000)
AC   0 HS    TS     0 PTAMS 0x00000000c1b80010 NTAMS 0x00000000c1b80010 space 1024K,  50% used [0x00000000c1b00000, 0x00000000c1c00000)
AC   0  O    TS     0 PTAMS 0x00000000c1d00000 NTAMS 0x00000000c1d00000 space 1024K, 100% used [0x00000000c1c00000, 0x00000000c1d00000)
AC   0  O    TS     0 PTAMS 0x00000000c1e00000 NTAMS 0x00000000c1e00000 space 1024K, 100% used [0x00000000c1d00000, 0x00000000c1e00000)
AC   0  O    TS     0 PTAMS 0x00000000c1f00000 NTAMS 0x00000000c1f00000 space 1024K, 100% used [0x00000000c1e00000, 0x00000000c1f00000)
AC   0 HS    TS     0 PTAMS 0x00000000c1f82b10 NTAMS 0x00000000c1f82b10 space 1024K,  51% used [0x00000000c1f00000, 0x00000000c2000000)
AC   0  O    TS     0 PTAMS 0x00000000c2100000 NTAMS 0x00000000c2100000 space 1024K, 100% used [0x00000000c2000000, 0x00000000c2100000)
AC   0  O    TS     0 PTAMS 0x00000000c2200000 NTAMS 0x00000000c2200000 space 1024K, 100% used [0x00000000c2100000, 0x00000000c2200000)
AC   0  O    TS     0 PTAMS 0x00000000c2300000 NTAMS 0x00000000c2300000 space 1024K, 100% used [0x00000000c2200000, 0x00000000c2300000)
AC   0  O    TS     0 PTAMS 0x00000000c2400000 NTAMS 0x00000000c2400000 space 1024K, 100% used [0x00000000c2300000, 0x00000000c2400000)
AC   0  O    TS     0 PTAMS 0x00000000c2500000 NTAMS 0x00000000c2500000 space 1024K, 100% used [0x00000000c2400000, 0x00000000c2500000)
AC   0  O    TS     0 PTAMS 0x00000000c2600000 NTAMS 0x00000000c2600000 space 1024K, 100% used [0x00000000c2500000, 0x00000000c2600000)
AC   0  O    TS     0 PTAMS 0x00000000c2700000 NTAMS 0x00000000c2700000 space 1024K, 100% used [0x00000000c2600000, 0x00000000c2700000)
AC   0  O    TS     0 PTAMS 0x00000000c2800000 NTAMS 0x00000000c2800000 space 1024K, 100% used [0x00000000c2700000, 0x00000000c2800000)
AC   0  O    TS     0 PTAMS 0x00000000c2900000 NTAMS 0x00000000c2900000 space 1024K, 100% used [0x00000000c2800000, 0x00000000c2900000)
AC   0  O    TS     0 PTAMS 0x00000000c2a00000 NTAMS 0x00000000c2a00000 space 1024K, 100% used [0x00000000c2900000, 0x00000000c2a00000)
AC   0  O    TS     0 PTAMS 0x00000000c2b00000 NTAMS 0x00000000c2b00000 space 1024K, 100% used [0x00000000c2a00000, 0x00000000c2b00000)
AC   0  O    TS     0 PTAMS 0x00000000c2c00000 NTAMS 0x00000000c2c00000 space 1024K, 100% used [0x00000000c2b00000, 0x00000000c2c00000)
AC   0  O    TS     0 PTAMS 0x00000000c2d00000 NTAMS 0x00000000c2d00000 space 1024K, 100% used [0x00000000c2c00000, 0x00000000c2d00000)
AC   0  O    TS     0 PTAMS 0x00000000c2e00000 NTAMS 0x00000000c2e00000 space 1024K, 100% used [0x00000000c2d00000, 0x00000000c2e00000)
AC   0  O    TS     0 PTAMS 0x00000000c2f00000 NTAMS 0x00000000c2f00000 space 1024K, 100% used [0x00000000c2e00000, 0x00000000c2f00000)
AC   0  O    TS     0 PTAMS 0x00000000c3000000 NTAMS 0x00000000c3000000 space 1024K, 100% used [0x00000000c2f00000, 0x00000000c3000000)
AC   0  O    TS     0 PTAMS 0x00000000c3100000 NTAMS 0x00000000c3100000 space 1024K, 100% used [0x00000000c3000000, 0x00000000c3100000)
AC   0  O    TS     0 PTAMS 0x00000000c3200000 NTAMS 0x00000000c3200000 space 1024K, 100% used [0x00000000c3100000, 0x00000000c3200000)
AC   0  O    TS     0 PTAMS 0x00000000c3300000 NTAMS 0x00000000c3300000 space 1024K, 100% used [0x00000000c3200000, 0x00000000c3300000)
AC   0  O    TS     0 PTAMS 0x00000000c3400000 NTAMS 0x00000000c3400000 space 1024K, 100% used [0x00000000c3300000, 0x00000000c3400000)
AC   0  O    TS     0 PTAMS 0x00000000c3500000 NTAMS 0x00000000c3500000 space 1024K, 100% used [0x00000000c3400000, 0x00000000c3500000)
AC   0  O    TS     0 PTAMS 0x00000000c3600000 NTAMS 0x00000000c3600000 space 1024K, 100% used [0x00000000c3500000, 0x00000000c3600000)
AC   0  O    TS     0 PTAMS 0x00000000c3700000 NTAMS 0x00000000c3700000 space 1024K, 100% used [0x00000000c3600000, 0x00000000c3700000)
AC   0  O    TS     0 PTAMS 0x00000000c3800000 NTAMS 0x00000000c3800000 space 1024K, 100% used [0x00000000c3700000, 0x00000000c3800000)
AC   0  O    TS     0 PTAMS 0x00000000c3900000 NTAMS 0x00000000c3900000 space 1024K, 100% used [0x00000000c3800000, 0x00000000c3900000)
AC   0  O    TS     0 PTAMS 0x00000000c3a00000 NTAMS 0x00000000c3a00000 space 1024K, 100% used [0x00000000c3900000, 0x00000000c3a00000)
AC   0  O    TS     0 PTAMS 0x00000000c3b00000 NTAMS 0x00000000c3b00000 space 1024K, 100% used [0x00000000c3a00000, 0x00000000c3b00000)
AC   0  O    TS     0 PTAMS 0x00000000c3c00000 NTAMS 0x00000000c3c00000 space 1024K, 100% used [0x00000000c3b00000, 0x00000000c3c00000)
AC   0  O    TS     0 PTAMS 0x00000000c3d00000 NTAMS 0x00000000c3d00000 space 1024K, 100% used [0x00000000c3c00000, 0x00000000c3d00000)
AC   0  O    TS     0 PTAMS 0x00000000c3e00000 NTAMS 0x00000000c3e00000 space 1024K, 100% used [0x00000000c3d00000, 0x00000000c3e00000)
AC   0  O    TS     0 PTAMS 0x00000000c3f00000 NTAMS 0x00000000c3f00000 space 1024K, 100% used [0x00000000c3e00000, 0x00000000c3f00000)
AC   0  O    TS     0 PTAMS 0x00000000c4000000 NTAMS 0x00000000c4000000 space 1024K, 100% used [0x00000000c3f00000, 0x00000000c4000000)
AC   0  O    TS     0 PTAMS 0x00000000c4100000 NTAMS 0x00000000c4100000 space 1024K, 100% used [0x00000000c4000000, 0x00000000c4100000)
AC   0  O    TS     0 PTAMS 0x00000000c4200000 NTAMS 0x00000000c4200000 space 1024K, 100% used [0x00000000c4100000, 0x00000000c4200000)
AC   0  O    TS     0 PTAMS 0x00000000c4300000 NTAMS 0x00000000c4300000 space 1024K, 100% used [0x00000000c4200000, 0x00000000c4300000)
AC   0  F    TS     0 PTAMS 0x00000000c4300000 NTAMS 0x00000000c4300000 space 1024K,   0% used [0x00000000c4300000, 0x00000000c4400000)
AC   0  O    TS     0 PTAMS 0x00000000c4500000 NTAMS 0x00000000c4500000 space 1024K, 100% used [0x00000000c4400000, 0x00000000c4500000)
AC   0  O    TS     7 PTAMS 0x00000000c4500000 NTAMS 0x00000000c4504400 space 1024K,   1% used [0x00000000c4500000, 0x00000000c4600000)
AC   0  F    TS     0 PTAMS 0x00000000c4600000 NTAMS 0x00000000c4600000 space 1024K,   0% used [0x00000000c4600000, 0x00000000c4700000)
AC   0  F    TS     0 PTAMS 0x00000000c4700000 NTAMS 0x00000000c4700000 space 1024K,   0% used [0x00000000c4700000, 0x00000000c4800000)
AC   0  O    TS     0 PTAMS 0x00000000c4900000 NTAMS 0x00000000c4900000 space 1024K, 100% used [0x00000000c4800000, 0x00000000c4900000)
AC   0  O    TS     0 PTAMS 0x00000000c4a00000 NTAMS 0x00000000c4a00000 space 1024K, 100% used [0x00000000c4900000, 0x00000000c4a00000)
AC   0  O    TS     0 PTAMS 0x00000000c4b00000 NTAMS 0x00000000c4b00000 space 1024K, 100% used [0x00000000c4a00000, 0x00000000c4b00000)
AC   0  O    TS     0 PTAMS 0x00000000c4c00000 NTAMS 0x00000000c4c00000 space 1024K, 100% used [0x00000000c4b00000, 0x00000000c4c00000)
AC   0  O    TS     0 PTAMS 0x00000000c4d00000 NTAMS 0x00000000c4d00000 space 1024K, 100% used [0x00000000c4c00000, 0x00000000c4d00000)
AC   0  O    TS     0 PTAMS 0x00000000c4e00000 NTAMS 0x00000000c4e00000 space 1024K, 100% used [0x00000000c4d00000, 0x00000000c4e00000)
AC   0  O    TS     0 PTAMS 0x00000000c4f00000 NTAMS 0x00000000c4f00000 space 1024K, 100% used [0x00000000c4e00000, 0x00000000c4f00000)
AC   0  O    TS     0 PTAMS 0x00000000c5000000 NTAMS 0x00000000c5000000 space 1024K, 100% used [0x00000000c4f00000, 0x00000000c5000000)
AC   0  O    TS     0 PTAMS 0x00000000c5100000 NTAMS 0x00000000c5100000 space 1024K, 100% used [0x00000000c5000000, 0x00000000c5100000)
AC   0  O    TS     0 PTAMS 0x00000000c5200000 NTAMS 0x00000000c5200000 space 1024K, 100% used [0x00000000c5100000, 0x00000000c5200000)
AC   0  O    TS     0 PTAMS 0x00000000c5300000 NTAMS 0x00000000c5300000 space 1024K, 100% used [0x00000000c5200000, 0x00000000c5300000)
AC   0  O    TS     0 PTAMS 0x00000000c5400000 NTAMS 0x00000000c5400000 space 1024K, 100% used [0x00000000c5300000, 0x00000000c5400000)
AC   0  O    TS     0 PTAMS 0x00000000c5500000 NTAMS 0x00000000c5500000 space 1024K, 100% used [0x00000000c5400000, 0x00000000c5500000)
AC   0  O    TS     0 PTAMS 0x00000000c5600000 NTAMS 0x00000000c5600000 space 1024K, 100% used [0x00000000c5500000, 0x00000000c5600000)
AC   0  O    TS     3 PTAMS 0x00000000c5610200 NTAMS 0x00000000c5700000 space 1024K, 100% used [0x00000000c5600000, 0x00000000c5700000)
AC   0  O    TS     0 PTAMS 0x00000000c5800000 NTAMS 0x00000000c5800000 space 1024K, 100% used [0x00000000c5700000, 0x00000000c5800000)
AC   0  F    TS     0 PTAMS 0x00000000c5800000 NTAMS 0x00000000c5800000 space 1024K,   0% used [0x00000000c5800000, 0x00000000c5900000)
AC   0  O    TS     0 PTAMS 0x00000000c5a00000 NTAMS 0x00000000c5a00000 space 1024K, 100% used [0x00000000c5900000, 0x00000000c5a00000)
AC   0  F    TS     0 PTAMS 0x00000000c5a00000 NTAMS 0x00000000c5a00000 space 1024K,   0% used [0x00000000c5a00000, 0x00000000c5b00000)
AC   0  O    TS     0 PTAMS 0x00000000c5c00000 NTAMS 0x00000000c5c00000 space 1024K, 100% used [0x00000000c5b00000, 0x00000000c5c00000)
AC   0  O    TS     0 PTAMS 0x00000000c5d00000 NTAMS 0x00000000c5d00000 space 1024K, 100% used [0x00000000c5c00000, 0x00000000c5d00000)
AC   0  O    TS     0 PTAMS 0x00000000c5e00000 NTAMS 0x00000000c5e00000 space 1024K, 100% used [0x00000000c5d00000, 0x00000000c5e00000)
AC   0  F    TS     0 PTAMS 0x00000000c5e00000 NTAMS 0x00000000c5e00000 space 1024K,   0% used [0x00000000c5e00000, 0x00000000c5f00000)
AC   0  O    TS     0 PTAMS 0x00000000c6000000 NTAMS 0x00000000c6000000 space 1024K, 100% used [0x00000000c5f00000, 0x00000000c6000000)
AC   0  O    TS     0 PTAMS 0x00000000c6100000 NTAMS 0x00000000c6100000 space 1024K, 100% used [0x00000000c6000000, 0x00000000c6100000)
AC   0  F    TS     0 PTAMS 0x00000000c6100000 NTAMS 0x00000000c6100000 space 1024K,   0% used [0x00000000c6100000, 0x00000000c6200000)
AC   0  O    TS     0 PTAMS 0x00000000c6300000 NTAMS 0x00000000c6300000 space 1024K, 100% used [0x00000000c6200000, 0x00000000c6300000)
AC   0  F    TS     0 PTAMS 0x00000000c6300000 NTAMS 0x00000000c6300000 space 1024K,   0% used [0x00000000c6300000, 0x00000000c6400000)
AC   0  O    TS     0 PTAMS 0x00000000c6500000 NTAMS 0x00000000c6500000 space 1024K, 100% used [0x00000000c6400000, 0x00000000c6500000)
AC   0  O    TS     0 PTAMS 0x00000000c6600000 NTAMS 0x00000000c6600000 space 1024K, 100% used [0x00000000c6500000, 0x00000000c6600000)
AC   0  F    TS     0 PTAMS 0x00000000c6600000 NTAMS 0x00000000c6600000 space 1024K,   0% used [0x00000000c6600000, 0x00000000c6700000)
AC   0  F    TS     0 PTAMS 0x00000000c6700000 NTAMS 0x00000000c6700000 space 1024K,   0% used [0x00000000c6700000, 0x00000000c6800000)
AC   0  F    TS     0 PTAMS 0x00000000c6800000 NTAMS 0x00000000c6800000 space 1024K,   0% used [0x00000000c6800000, 0x00000000c6900000)
AC   0  F    TS     0 PTAMS 0x00000000c6900000 NTAMS 0x00000000c6900000 space 1024K,   0% used [0x00000000c6900000, 0x00000000c6a00000)
AC   0  O    TS     0 PTAMS 0x00000000c6b00000 NTAMS 0x00000000c6b00000 space 1024K, 100% used [0x00000000c6a00000, 0x00000000c6b00000)
AC   0  F    TS     0 PTAMS 0x00000000c6b00000 NTAMS 0x00000000c6b00000 space 1024K,   0% used [0x00000000c6b00000, 0x00000000c6c00000)
AC   0  O    TS     0 PTAMS 0x00000000c6d00000 NTAMS 0x00000000c6d00000 space 1024K, 100% used [0x00000000c6c00000, 0x00000000c6d00000)
AC   0  O    TS     0 PTAMS 0x00000000c6e00000 NTAMS 0x00000000c6e00000 space 1024K, 100% used [0x00000000c6d00000, 0x00000000c6e00000)
AC   0  O    TS     0 PTAMS 0x00000000c6f00000 NTAMS 0x00000000c6f00000 space 1024K, 100% used [0x00000000c6e00000, 0x00000000c6f00000)
AC   0  F    TS     0 PTAMS 0x00000000c6f00000 NTAMS 0x00000000c6f00000 space 1024K,   0% used [0x00000000c6f00000, 0x00000000c7000000)
AC   0  F    TS     0 PTAMS 0x00000000c7000000 NTAMS 0x00000000c7000000 space 1024K,   0% used [0x00000000c7000000, 0x00000000c7100000)
AC   0  F    TS     0 PTAMS 0x00000000c7100000 NTAMS 0x00000000c7100000 space 1024K,   0% used [0x00000000c7100000, 0x00000000c7200000)
AC   0  F    TS     0 PTAMS 0x00000000c7200000 NTAMS 0x00000000c7200000 space 1024K,   0% used [0x00000000c7200000, 0x00000000c7300000)
AC   0  F    TS     5 PTAMS 0x00000000c7300000 NTAMS 0x00000000c7300000 space 1024K,   0% used [0x00000000c7300000, 0x00000000c7400000)
AC   0  O    TS     0 PTAMS 0x00000000c7500000 NTAMS 0x00000000c7500000 space 1024K, 100% used [0x00000000c7400000, 0x00000000c7500000)
AC   0  F    TS     5 PTAMS 0x00000000c7500000 NTAMS 0x00000000c7500000 space 1024K,   0% used [0x00000000c7500000, 0x00000000c7600000)
AC   0  S CS TS     7 PTAMS 0x00000000c7600000 NTAMS 0x00000000c7600000 space 1024K,  44% used [0x00000000c7600000, 0x00000000c7700000)
AC   0  S CS TS     7 PTAMS 0x00000000c7700000 NTAMS 0x00000000c7700000 space 1024K, 100% used [0x00000000c7700000, 0x00000000c7800000)
AC   0  F    TS     0 PTAMS 0x00000000c7800000 NTAMS 0x00000000c7800000 space 1024K,   0% used [0x00000000c7800000, 0x00000000c7900000)
AC   0  F    TS     0 PTAMS 0x00000000c7900000 NTAMS 0x00000000c7900000 space 1024K,   0% used [0x00000000c7900000, 0x00000000c7a00000)
AC   0  O    TS     0 PTAMS 0x00000000c7b00000 NTAMS 0x00000000c7b00000 space 1024K, 100% used [0x00000000c7a00000, 0x00000000c7b00000)
AC   0  O    TS     0 PTAMS 0x00000000c7c00000 NTAMS 0x00000000c7c00000 space 1024K, 100% used [0x00000000c7b00000, 0x00000000c7c00000)
AC   0  O    TS     0 PTAMS 0x00000000c7d00000 NTAMS 0x00000000c7d00000 space 1024K, 100% used [0x00000000c7c00000, 0x00000000c7d00000)
AC   0  O    TS     0 PTAMS 0x00000000c7e00000 NTAMS 0x00000000c7e00000 space 1024K, 100% used [0x00000000c7d00000, 0x00000000c7e00000)
AC   0  F    TS     0 PTAMS 0x00000000c7e00000 NTAMS 0x00000000c7e00000 space 1024K,   0% used [0x00000000c7e00000, 0x00000000c7f00000)
AC   0  F    TS     0 PTAMS 0x00000000c7f00000 NTAMS 0x00000000c7f00000 space 1024K,   0% used [0x00000000c7f00000, 0x00000000c8000000)
AC   0  F    TS     0 PTAMS 0x00000000c8000000 NTAMS 0x00000000c8000000 space 1024K,   0% used [0x00000000c8000000, 0x00000000c8100000)
AC   0  F    TS     0 PTAMS 0x00000000c8100000 NTAMS 0x00000000c8100000 space 1024K,   0% used [0x00000000c8100000, 0x00000000c8200000)
AC   0  F    TS     0 PTAMS 0x00000000c8200000 NTAMS 0x00000000c8200000 space 1024K,   0% used [0x00000000c8200000, 0x00000000c8300000)
AC   0  E    TS     0 PTAMS 0x00000000c8300000 NTAMS 0x00000000c8300000 space 1024K,  19% used [0x00000000c8300000, 0x00000000c8400000)
AC   0  E CS TS     0 PTAMS 0x00000000c8400000 NTAMS 0x00000000c8400000 space 1024K, 100% used [0x00000000c8400000, 0x00000000c8500000)
AC   0  E CS TS     0 PTAMS 0x00000000c8500000 NTAMS 0x00000000c8500000 space 1024K, 100% used [0x00000000c8500000, 0x00000000c8600000)
AC   0  E CS TS     0 PTAMS 0x00000000c8600000 NTAMS 0x00000000c8600000 space 1024K, 100% used [0x00000000c8600000, 0x00000000c8700000)
AC   0  E CS TS     0 PTAMS 0x00000000c8700000 NTAMS 0x00000000c8700000 space 1024K, 100% used [0x00000000c8700000, 0x00000000c8800000)
AC   0  E CS TS     0 PTAMS 0x00000000c8800000 NTAMS 0x00000000c8800000 space 1024K, 100% used [0x00000000c8800000, 0x00000000c8900000)
AC   0  E CS TS     0 PTAMS 0x00000000c8900000 NTAMS 0x00000000c8900000 space 1024K, 100% used [0x00000000c8900000, 0x00000000c8a00000)
AC   0  E CS TS     0 PTAMS 0x00000000c8a00000 NTAMS 0x00000000c8a00000 space 1024K, 100% used [0x00000000c8a00000, 0x00000000c8b00000)
AC   0  E CS TS     0 PTAMS 0x00000000c8b00000 NTAMS 0x00000000c8b00000 space 1024K, 100% used [0x00000000c8b00000, 0x00000000c8c00000)
AC   0  E CS TS     0 PTAMS 0x00000000c8c00000 NTAMS 0x00000000c8c00000 space 1024K, 100% used [0x00000000c8c00000, 0x00000000c8d00000)
AC   0  E CS TS     0 PTAMS 0x00000000c8d00000 NTAMS 0x00000000c8d00000 space 1024K, 100% used [0x00000000c8d00000, 0x00000000c8e00000)
AC   0  E CS TS     0 PTAMS 0x00000000c8e00000 NTAMS 0x00000000c8e00000 space 1024K, 100% used [0x00000000c8e00000, 0x00000000c8f00000)
AC   0  E CS TS     0 PTAMS 0x00000000c8f00000 NTAMS 0x00000000c8f00000 space 1024K, 100% used [0x00000000c8f00000, 0x00000000c9000000)
AC   0  E CS TS     0 PTAMS 0x00000000c9000000 NTAMS 0x00000000c9000000 space 1024K, 100% used [0x00000000c9000000, 0x00000000c9100000)
AC   0  E CS TS     0 PTAMS 0x00000000c9100000 NTAMS 0x00000000c9100000 space 1024K, 100% used [0x00000000c9100000, 0x00000000c9200000)
AC   0  E CS TS     0 PTAMS 0x00000000c9200000 NTAMS 0x00000000c9200000 space 1024K, 100% used [0x00000000c9200000, 0x00000000c9300000)
AC   0  E CS TS     0 PTAMS 0x00000000c9300000 NTAMS 0x00000000c9300000 space 1024K, 100% used [0x00000000c9300000, 0x00000000c9400000)
AC   0  E CS TS     0 PTAMS 0x00000000c9400000 NTAMS 0x00000000c9400000 space 1024K, 100% used [0x00000000c9400000, 0x00000000c9500000)
AC   0  E CS TS     0 PTAMS 0x00000000c9500000 NTAMS 0x00000000c9500000 space 1024K, 100% used [0x00000000c9500000, 0x00000000c9600000)
AC   0  E CS TS     0 PTAMS 0x00000000c9600000 NTAMS 0x00000000c9600000 space 1024K, 100% used [0x00000000c9600000, 0x00000000c9700000)
AC   0  E CS TS     0 PTAMS 0x00000000c9700000 NTAMS 0x00000000c9700000 space 1024K, 100% used [0x00000000c9700000, 0x00000000c9800000)
AC   0  E CS TS     0 PTAMS 0x00000000c9800000 NTAMS 0x00000000c9800000 space 1024K, 100% used [0x00000000c9800000, 0x00000000c9900000)
AC   0  E CS TS     0 PTAMS 0x00000000c9900000 NTAMS 0x00000000c9900000 space 1024K, 100% used [0x00000000c9900000, 0x00000000c9a00000)
AC   0  E CS TS     0 PTAMS 0x00000000c9a00000 NTAMS 0x00000000c9a00000 space 1024K, 100% used [0x00000000c9a00000, 0x00000000c9b00000)
AC   0  E CS TS     0 PTAMS 0x00000000c9b00000 NTAMS 0x00000000c9b00000 space 1024K, 100% used [0x00000000c9b00000, 0x00000000c9c00000)
AC   0  E CS TS     0 PTAMS 0x00000000c9c00000 NTAMS 0x00000000c9c00000 space 1024K, 100% used [0x00000000c9c00000, 0x00000000c9d00000)
AC   0  E CS TS     0 PTAMS 0x00000000c9d00000 NTAMS 0x00000000c9d00000 space 1024K, 100% used [0x00000000c9d00000, 0x00000000c9e00000)
AC   0  E CS TS     0 PTAMS 0x00000000c9e00000 NTAMS 0x00000000c9e00000 space 1024K, 100% used [0x00000000c9e00000, 0x00000000c9f00000)
AC   0  E CS TS     0 PTAMS 0x00000000c9f00000 NTAMS 0x00000000c9f00000 space 1024K, 100% used [0x00000000c9f00000, 0x00000000ca000000)
AC   0  E CS TS     0 PTAMS 0x00000000ca000000 NTAMS 0x00000000ca000000 space 1024K, 100% used [0x00000000ca000000, 0x00000000ca100000)
AC   0  E CS TS     3 PTAMS 0x00000000ca100000 NTAMS 0x00000000ca100000 space 1024K, 100% used [0x00000000ca100000, 0x00000000ca200000)
AC   0  E CS TS     0 PTAMS 0x00000000ca200000 NTAMS 0x00000000ca200000 space 1024K, 100% used [0x00000000ca200000, 0x00000000ca300000)
AC   0  E CS TS     0 PTAMS 0x00000000ca300000 NTAMS 0x00000000ca300000 space 1024K, 100% used [0x00000000ca300000, 0x00000000ca400000)
AC   0  E CS TS     0 PTAMS 0x00000000ca400000 NTAMS 0x00000000ca400000 space 1024K, 100% used [0x00000000ca400000, 0x00000000ca500000)
AC   0  E CS TS     0 PTAMS 0x00000000ca500000 NTAMS 0x00000000ca500000 space 1024K, 100% used [0x00000000ca500000, 0x00000000ca600000)
AC   0  E CS TS     0 PTAMS 0x00000000ca600000 NTAMS 0x00000000ca600000 space 1024K, 100% used [0x00000000ca600000, 0x00000000ca700000)
AC   0  E CS TS     0 PTAMS 0x00000000ca700000 NTAMS 0x00000000ca700000 space 1024K, 100% used [0x00000000ca700000, 0x00000000ca800000)

Card table byte_map: [0x0000000012f40000,0x0000000013140000] byte_map_base: 0x0000000012940000

Marking Bits (Prev, Next): (CMBitMap*) 0x0000000002977958, (CMBitMap*) 0x00000000029779b0
 Prev Bits: [0x0000000013340000, 0x0000000014340000)
 Next Bits: [0x0000000014340000, 0x0000000015340000)

Polling page: 0x0000000002190000

CodeCache: size=245760Kb used=50830Kb max_used=50845Kb free=194929Kb
 bounds [0x0000000002a40000, 0x0000000005c70000, 0x0000000011a40000]
 total_blobs=13126 nmethods=12515 adapters=515
 compilation: enabled

Compilation events (10 events):
Event: 1026.744 Thread 0x0000000018770800 18542       3       org.eclipse.jdt.internal.compiler.SourceElementNotifier::getInterfaceNames (117 bytes)
Event: 1026.745 Thread 0x0000000018770800 nmethod 18542 0x0000000003e15dd0 code [0x0000000003e15fa0, 0x0000000003e16938]
Event: 1026.745 Thread 0x0000000018770800 18543       3       org.eclipse.jdt.internal.compiler.SourceElementNotifier::getSuperclassName (23 bytes)
Event: 1026.746 Thread 0x0000000018770800 nmethod 18543 0x0000000005ba1f10 code [0x0000000005ba20a0, 0x0000000005ba2358]
Event: 1026.797 Thread 0x0000000018770800 18544       3       org.eclipse.jdt.core.manipulation.ChangeCorrectionProposalCore::setDisplayName (20 bytes)
Event: 1026.797 Thread 0x0000000018770800 nmethod 18544 0x0000000003cd0910 code [0x0000000003cd0a80, 0x0000000003cd0ce8]
Event: 1027.190 Thread 0x000000001876d000 18545       4       org.eclipse.jdt.internal.compiler.ast.Assignment::resolveType (389 bytes)
Event: 1027.236 Thread 0x000000001876d000 nmethod 18545 0x0000000004851750 code [0x0000000004851a60, 0x00000000048531c0]
Event: 1027.419 Thread 0x000000001876c800 18546       4       org.eclipse.jdt.internal.compiler.ast.EqualExpression::checkNullComparison (462 bytes)
Event: 1027.436 Thread 0x000000001876c800 nmethod 18546 0x00000000051370d0 code [0x00000000051372e0, 0x0000000005137e10]

GC Heap History (10 events):
Event: 1020.213 GC heap before
{Heap before GC invocations=573 (full 0):
 garbage-first heap   total 172032K, used 149107K [0x00000000c0000000, 0x00000000c0100540, 0x0000000100000000)
  region size 1024K, 46 young (47104K), 3 survivors (3072K)
 Metaspace       used 61289K, capacity 64516K, committed 65104K, reserved 1107968K
  class space    used 5865K, capacity 6909K, committed 6992K, reserved 1048576K
Event: 1020.221 GC heap after
Heap after GC invocations=574 (full 0):
 garbage-first heap   total 172032K, used 104905K [0x00000000c0000000, 0x00000000c0100540, 0x0000000100000000)
  region size 1024K, 3 young (3072K), 3 survivors (3072K)
 Metaspace       used 61289K, capacity 64516K, committed 65104K, reserved 1107968K
  class space    used 5865K, capacity 6909K, committed 6992K, reserved 1048576K
}
Event: 1023.661 GC heap before
{Heap before GC invocations=575 (full 0):
 garbage-first heap   total 172032K, used 148937K [0x00000000c0000000, 0x00000000c0100540, 0x0000000100000000)
  region size 1024K, 46 young (47104K), 3 survivors (3072K)
 Metaspace       used 61293K, capacity 64516K, committed 65104K, reserved 1107968K
  class space    used 5865K, capacity 6909K, committed 6992K, reserved 1048576K
Event: 1023.670 GC heap after
Heap after GC invocations=576 (full 0):
 garbage-first heap   total 172032K, used 104085K [0x00000000c0000000, 0x00000000c0100540, 0x0000000100000000)
  region size 1024K, 2 young (2048K), 2 survivors (2048K)
 Metaspace       used 61293K, capacity 64516K, committed 65104K, reserved 1107968K
  class space    used 5865K, capacity 6909K, committed 6992K, reserved 1048576K
}
Event: 1023.725 GC heap before
{Heap before GC invocations=576 (full 0):
 garbage-first heap   total 172032K, used 110229K [0x00000000c0000000, 0x00000000c0100540, 0x0000000100000000)
  region size 1024K, 8 young (8192K), 2 survivors (2048K)
 Metaspace       used 61293K, capacity 64516K, committed 65104K, reserved 1107968K
  class space    used 5865K, capacity 6909K, committed 6992K, reserved 1048576K
Event: 1023.735 GC heap after
Heap after GC invocations=577 (full 0):
 garbage-first heap   total 172032K, used 104475K [0x00000000c0000000, 0x00000000c0100540, 0x0000000100000000)
  region size 1024K, 1 young (1024K), 1 survivors (1024K)
 Metaspace       used 61293K, capacity 64516K, committed 65104K, reserved 1107968K
  class space    used 5865K, capacity 6909K, committed 6992K, reserved 1048576K
}
Event: 1026.726 GC heap before
{Heap before GC invocations=577 (full 0):
 garbage-first heap   total 172032K, used 150555K [0x00000000c0000000, 0x00000000c0100540, 0x0000000100000000)
  region size 1024K, 46 young (47104K), 1 survivors (1024K)
 Metaspace       used 61296K, capacity 64516K, committed 65104K, reserved 1107968K
  class space    used 5865K, capacity 6909K, committed 6992K, reserved 1048576K
Event: 1026.741 GC heap after
Heap after GC invocations=578 (full 0):
 garbage-first heap   total 172032K, used 105294K [0x00000000c0000000, 0x00000000c0100540, 0x0000000100000000)
  region size 1024K, 2 young (2048K), 2 survivors (2048K)
 Metaspace       used 61296K, capacity 64516K, committed 65104K, reserved 1107968K
  class space    used 5865K, capacity 6909K, committed 6992K, reserved 1048576K
}
Event: 1030.664 GC heap before
{Heap before GC invocations=578 (full 0):
 garbage-first heap   total 172032K, used 150350K [0x00000000c0000000, 0x00000000c0100540, 0x0000000100000000)
  region size 1024K, 46 young (47104K), 2 survivors (2048K)
 Metaspace       used 61297K, capacity 64516K, committed 65104K, reserved 1107968K
  class space    used 5865K, capacity 6909K, committed 6992K, reserved 1048576K
Event: 1030.675 GC heap after
Heap after GC invocations=579 (full 0):
 garbage-first heap   total 172032K, used 104929K [0x00000000c0000000, 0x00000000c0100540, 0x0000000100000000)
  region size 1024K, 2 young (2048K), 2 survivors (2048K)
 Metaspace       used 61297K, capacity 64516K, committed 65104K, reserved 1107968K
  class space    used 5865K, capacity 6909K, committed 6992K, reserved 1048576K
}

Deoptimization events (10 events):
Event: 1004.192 Thread 0x000000001d8c6800 Uncommon trap: reason=bimorphic action=maybe_recompile pc=0x0000000005ab240c method=java.io.PrintWriter.write(Ljava/lang/String;II)V @ 19
Event: 1004.192 Thread 0x000000001d8c6800 Uncommon trap: reason=bimorphic action=maybe_recompile pc=0x0000000005ab240c method=java.io.PrintWriter.write(Ljava/lang/String;II)V @ 19
Event: 1010.351 Thread 0x000000001a371000 Uncommon trap: reason=unstable_if action=reinterpret pc=0x0000000005889544 method=org.eclipse.jdt.internal.core.dom.rewrite.ASTRewriteAnalyzer.ensureSpaceBeforeReplace(Lorg/eclipse/jdt/core/dom/ASTNode;)V @ 109
Event: 1010.392 Thread 0x000000001a371000 Uncommon trap: reason=unstable_if action=reinterpret pc=0x000000000305173c method=org.eclipse.jdt.internal.compiler.parser.Parser.consumeStatementReturn()V @ 16
Event: 1010.392 Thread 0x000000001a371000 Uncommon trap: reason=unstable_if action=reinterpret pc=0x0000000005bbedfc method=org.eclipse.jdt.internal.core.dom.rewrite.ASTRewriteAnalyzer.doTextInsert(ILorg/eclipse/jdt/core/dom/ASTNode;IZLorg/eclipse/text/edits/TextEditGroup;)V @ 253
Event: 1016.754 Thread 0x000000001a372000 Uncommon trap: reason=unstable_if action=reinterpret pc=0x0000000004cf717c method=org.eclipse.jdt.internal.core.dom.rewrite.ASTRewriteAnalyzer.ensureSpaceBeforeReplace(Lorg/eclipse/jdt/core/dom/ASTNode;)V @ 109
Event: 1019.933 Thread 0x000000001aef6000 Uncommon trap: reason=unstable_if action=reinterpret pc=0x0000000003560a8c method=org.eclipse.jdt.internal.compiler.parser.diagnose.DiagnoseParser.parseCheck([IIII)I @ 593
Event: 1023.676 Thread 0x000000001a373800 Uncommon trap: reason=bimorphic action=maybe_recompile pc=0x0000000005760b90 method=org.eclipse.jdt.internal.compiler.ast.Assignment.resolveType(Lorg/eclipse/jdt/internal/compiler/lookup/BlockScope;)Lorg/eclipse/jdt/internal/compiler/lookup/TypeBinding; @
Event: 1024.742 Thread 0x000000001a83f000 Uncommon trap: reason=bimorphic action=maybe_recompile pc=0x0000000005760b90 method=org.eclipse.jdt.internal.compiler.ast.Assignment.resolveType(Lorg/eclipse/jdt/internal/compiler/lookup/BlockScope;)Lorg/eclipse/jdt/internal/compiler/lookup/TypeBinding; @
Event: 1024.790 Thread 0x000000001a83f000 Uncommon trap: reason=bimorphic action=maybe_recompile pc=0x0000000005760b90 method=org.eclipse.jdt.internal.compiler.ast.Assignment.resolveType(Lorg/eclipse/jdt/internal/compiler/lookup/BlockScope;)Lorg/eclipse/jdt/internal/compiler/lookup/TypeBinding; @

Classes redefined (0 events):
No events

Internal exceptions (10 events):
Event: 763.798 Thread 0x000000001a371000 Exception <a 'java/lang/ClassNotFoundException': sun/net/www/protocol/jdt/Handler> (0x00000000ca03b2c0) thrown at [C:\re\workspace\8-2-build-windows-amd64-cygwin\jdk8u211\12973\hotspot\src\share\vm\classfile\systemDictionary.cpp, line 210]
Event: 763.798 Thread 0x000000001a371000 Exception <a 'java/lang/ClassNotFoundException': sun/net/www/protocol/jdt/Handler> (0x00000000ca03ea70) thrown at [C:\re\workspace\8-2-build-windows-amd64-cygwin\jdk8u211\12973\hotspot\src\share\vm\classfile\systemDictionary.cpp, line 210]
Event: 763.798 Thread 0x000000001a371000 Exception <a 'java/lang/ClassNotFoundException': sun/net/www/protocol/jdt/Handler> (0x00000000ca042248) thrown at [C:\re\workspace\8-2-build-windows-amd64-cygwin\jdk8u211\12973\hotspot\src\share\vm\classfile\systemDictionary.cpp, line 210]
Event: 778.234 Thread 0x000000001aef7000 Exception <a 'java/lang/ClassNotFoundException': sun/net/www/protocol/jdt/Handler> (0x00000000c9f17178) thrown at [C:\re\workspace\8-2-build-windows-amd64-cygwin\jdk8u211\12973\hotspot\src\share\vm\classfile\systemDictionary.cpp, line 210]
Event: 778.234 Thread 0x000000001aef7000 Exception <a 'java/lang/ClassNotFoundException': sun/net/www/protocol/jdt/Handler> (0x00000000c9f1a2b0) thrown at [C:\re\workspace\8-2-build-windows-amd64-cygwin\jdk8u211\12973\hotspot\src\share\vm\classfile\systemDictionary.cpp, line 210]
Event: 782.583 Thread 0x000000001aef8800 Implicit null exception at 0x000000000522743b to 0x0000000005227aff
Event: 786.470 Thread 0x000000001a83f000 Implicit null exception at 0x00000000053ded35 to 0x00000000053df3a1
Event: 824.706 Thread 0x000000001d8c6800 Exception <a 'java/lang/ClassNotFoundException': sun/net/www/protocol/jdt/Handler> (0x00000000c8379020) thrown at [C:\re\workspace\8-2-build-windows-amd64-cygwin\jdk8u211\12973\hotspot\src\share\vm\classfile\systemDictionary.cpp, line 210]
Event: 824.707 Thread 0x000000001d8c6800 Exception <a 'java/lang/ClassNotFoundException': sun/net/www/protocol/jdt/Handler> (0x00000000c837c6b0) thrown at [C:\re\workspace\8-2-build-windows-amd64-cygwin\jdk8u211\12973\hotspot\src\share\vm\classfile\systemDictionary.cpp, line 210]
Event: 919.242 Thread 0x000000001ca79800 Implicit null exception at 0x00000000051a9d9c to 0x00000000051ab39d

Events (10 events):
Event: 1024.742 Thread 0x000000001a83f000 Uncommon trap: trap_request=0xffffffc6 fr.pc=0x0000000005760b90
Event: 1024.742 Thread 0x000000001a83f000 DEOPT PACKING pc=0x0000000005760b90 sp=0x000000002a5ee870
Event: 1024.742 Thread 0x000000001a83f000 DEOPT UNPACKING pc=0x0000000002a8583b sp=0x000000002a5ee848 mode 2
Event: 1024.790 Thread 0x000000001a83f000 Uncommon trap: trap_request=0xffffffc6 fr.pc=0x0000000005760b90
Event: 1024.790 Thread 0x000000001a83f000 DEOPT PACKING pc=0x0000000005760b90 sp=0x000000002a5ee630
Event: 1024.790 Thread 0x000000001a83f000 DEOPT UNPACKING pc=0x0000000002a8583b sp=0x000000002a5ee608 mode 2
Event: 1026.726 Executing VM operation: G1IncCollectionPause
Event: 1026.741 Executing VM operation: G1IncCollectionPause done
Event: 1030.664 Executing VM operation: G1IncCollectionPause
Event: 1030.675 Executing VM operation: G1IncCollectionPause done


Dynamic libraries:
0x00007ff682c00000 - 0x00007ff682c37000 	C:\Program Files\Java\jdk1.8.0_211\bin\java.exe
0x00007ffd65ea0000 - 0x00007ffd6608d000 	C:\WINDOWS\SYSTEM32\ntdll.dll
0x00007ffd636a0000 - 0x00007ffd63753000 	C:\WINDOWS\System32\KERNEL32.DLL
0x00007ffd62700000 - 0x00007ffd62993000 	C:\WINDOWS\System32\KERNELBASE.dll
0x00007ffd63be0000 - 0x00007ffd63c83000 	C:\WINDOWS\System32\ADVAPI32.dll
0x00007ffd63760000 - 0x00007ffd637fe000 	C:\WINDOWS\System32\msvcrt.dll
0x00007ffd651c0000 - 0x00007ffd6525e000 	C:\WINDOWS\System32\sechost.dll
0x00007ffd63570000 - 0x00007ffd63692000 	C:\WINDOWS\System32\RPCRT4.dll
0x00007ffd63140000 - 0x00007ffd632d7000 	C:\WINDOWS\System32\USER32.dll
0x00007ffd63020000 - 0x00007ffd63040000 	C:\WINDOWS\System32\win32u.dll
0x00007ffd65340000 - 0x00007ffd65369000 	C:\WINDOWS\System32\GDI32.dll
0x00007ffd62a80000 - 0x00007ffd62c19000 	C:\WINDOWS\System32\gdi32full.dll
0x00007ffd62d20000 - 0x00007ffd62dc0000 	C:\WINDOWS\System32\msvcp_win.dll
0x00007ffd62c20000 - 0x00007ffd62d1a000 	C:\WINDOWS\System32\ucrtbase.dll
0x00007ffd4a8c0000 - 0x00007ffd4ab39000 	C:\WINDOWS\WinSxS\amd64_microsoft.windows.common-controls_6595b64144ccf1df_6.0.17763.737_none_05b6437c071e554b\COMCTL32.dll
0x00007ffd638b0000 - 0x00007ffd63bdc000 	C:\WINDOWS\System32\combase.dll
0x00007ffd63040000 - 0x00007ffd630be000 	C:\WINDOWS\System32\bcryptPrimitives.dll
0x00007ffd63c90000 - 0x00007ffd63cbe000 	C:\WINDOWS\System32\IMM32.DLL
0x00007ffd55440000 - 0x00007ffd554f2000 	C:\Program Files\McAfee\Endpoint Security\Threat Prevention\Ips\EpMPApi.dll
0x00007ffd62de0000 - 0x00007ffd62e39000 	C:\WINDOWS\System32\WINTRUST.dll
0x00007ffd61ee0000 - 0x00007ffd61ef2000 	C:\WINDOWS\System32\MSASN1.dll
0x00007ffd62e40000 - 0x00007ffd6301b000 	C:\WINDOWS\System32\CRYPT32.dll
0x00000000507a0000 - 0x00000000507ac000 	C:\Program Files\McAfee\Endpoint Security\Threat Prevention\Ips\EpMPThe.dll
0x00007ffd55250000 - 0x00007ffd55286000 	C:\Program Files\McAfee\Endpoint Security\Threat Prevention\Ips\HIPHandlers64.dll
0x00007ffd63510000 - 0x00007ffd63562000 	C:\WINDOWS\System32\SHLWAPI.dll
0x0000000050270000 - 0x0000000050342000 	C:\Program Files\Java\jdk1.8.0_211\jre\bin\msvcr100.dll
0x00000000773f0000 - 0x0000000077c95000 	C:\Program Files\Java\jdk1.8.0_211\jre\bin\server\jvm.dll
0x00007ffd65c00000 - 0x00007ffd65c08000 	C:\WINDOWS\System32\PSAPI.DLL
0x00007ffd5b0a0000 - 0x00007ffd5b0a9000 	C:\WINDOWS\SYSTEM32\WSOCK32.dll
0x00007ffd652c0000 - 0x00007ffd6532d000 	C:\WINDOWS\System32\WS2_32.dll
0x00007ffd5ec10000 - 0x00007ffd5ec34000 	C:\WINDOWS\SYSTEM32\WINMM.dll
0x00007ffd5b090000 - 0x00007ffd5b09a000 	C:\WINDOWS\SYSTEM32\VERSION.dll
0x00007ffd5ebe0000 - 0x00007ffd5ec0d000 	C:\WINDOWS\SYSTEM32\WINMMBASE.dll
0x00007ffd626b0000 - 0x00007ffd626fa000 	C:\WINDOWS\System32\cfgmgr32.dll
0x00007ffd57b20000 - 0x00007ffd57b2f000 	C:\Program Files\Java\jdk1.8.0_211\jre\bin\verify.dll
0x00007ffd38fc0000 - 0x00007ffd38fe9000 	C:\Program Files\Java\jdk1.8.0_211\jre\bin\java.dll
0x00007ffd3a620000 - 0x00007ffd3a636000 	C:\Program Files\Java\jdk1.8.0_211\jre\bin\zip.dll
0x00007ffd63cc0000 - 0x00007ffd651b2000 	C:\WINDOWS\System32\SHELL32.dll
0x00007ffd65c10000 - 0x00007ffd65cb8000 	C:\WINDOWS\System32\shcore.dll
0x00007ffd61f60000 - 0x00007ffd626aa000 	C:\WINDOWS\System32\windows.storage.dll
0x00007ffd61e90000 - 0x00007ffd61eb4000 	C:\WINDOWS\System32\profapi.dll
0x00007ffd61f00000 - 0x00007ffd61f5d000 	C:\WINDOWS\System32\powrprof.dll
0x00007ffd61ec0000 - 0x00007ffd61ed1000 	C:\WINDOWS\System32\kernel.appcore.dll
0x00007ffd62dc0000 - 0x00007ffd62dd7000 	C:\WINDOWS\System32\cryptsp.dll
0x00007ffd61280000 - 0x00007ffd612b3000 	C:\WINDOWS\system32\rsaenh.dll
0x00007ffd629a0000 - 0x00007ffd629c6000 	C:\WINDOWS\System32\bcrypt.dll
0x00007ffd61d90000 - 0x00007ffd61db8000 	C:\WINDOWS\SYSTEM32\USERENV.dll
0x00007ffd618d0000 - 0x00007ffd618dc000 	C:\WINDOWS\SYSTEM32\CRYPTBASE.dll
0x00007ffd34d90000 - 0x00007ffd34daa000 	C:\Program Files\Java\jdk1.8.0_211\jre\bin\net.dll
0x00007ffd57900000 - 0x00007ffd57ad7000 	C:\WINDOWS\SYSTEM32\urlmon.dll
0x00007ffd57650000 - 0x00007ffd578f8000 	C:\WINDOWS\SYSTEM32\iertutil.dll
0x00007ffd61700000 - 0x00007ffd61767000 	C:\WINDOWS\system32\mswsock.dll
0x00007ffd61420000 - 0x00007ffd6145d000 	C:\WINDOWS\SYSTEM32\IPHLPAPI.DLL
0x00007ffd654a0000 - 0x00007ffd654a8000 	C:\WINDOWS\System32\NSI.dll
0x00007ffd5b650000 - 0x00007ffd5b666000 	C:\WINDOWS\SYSTEM32\dhcpcsvc6.DLL
0x00007ffd5b5f0000 - 0x00007ffd5b60c000 	C:\WINDOWS\SYSTEM32\dhcpcsvc.DLL
0x00007ffd61470000 - 0x00007ffd61536000 	C:\WINDOWS\SYSTEM32\DNSAPI.dll
0x00007ffd34d70000 - 0x00007ffd34d82000 	C:\Program Files\Java\jdk1.8.0_211\jre\bin\nio.dll
0x00007ffd30000000 - 0x00007ffd30029000 	C:\Users\Administrator\.vscode\extensions\redhat.java-0.55.1\server\config_win\org.eclipse.equinox.launcher\org.eclipse.equinox.launcher.win32.win32.x86_64_1.1.1100.v20190907-0426\eclipse_1902.dll
0x00007ffd2ffe0000 - 0x00007ffd2fff1000 	C:\Users\Administrator\.vscode\extensions\redhat.java-0.55.1\server\config_win\org.eclipse.osgi\20\0\.cp\jWinHttp-1.0.0.dll
0x00007ffd654b0000 - 0x00007ffd65605000 	C:\WINDOWS\System32\ole32.dll
0x00007ffd5de40000 - 0x00007ffd5df32000 	C:\WINDOWS\SYSTEM32\WINHTTP.dll
0x00007ffd2ffb0000 - 0x00007ffd2ffd4000 	C:\Program Files\Java\jdk1.8.0_211\jre\bin\sunec.dll
0x00007ffd52760000 - 0x00007ffd5294d000 	C:\WINDOWS\SYSTEM32\dbghelp.dll

VM Arguments:
jvm_args: -Declipse.application=org.eclipse.jdt.ls.core.id1 -Dosgi.bundles.defaultStartLevel=4 -Declipse.product=org.eclipse.jdt.ls.core.product -Dfile.encoding=utf8 -DwatchParentProcess=false -Xverify:none -Xmx1G -XX:+UseG1GC -XX:+UseStringDeduplication 
java_command: c:\Users\Administrator\.vscode\extensions\redhat.java-0.55.1\server\plugins\org.eclipse.equinox.launcher_1.5.600.v20191014-2022.jar -configuration c:\Users\Administrator\.vscode\extensions\redhat.java-0.55.1\server\config_win -data c:\Users\Administrator\AppData\Roaming\Code\User\workspaceStorage\9c79643050e7e0f690c99ef4434c875c\redhat.java\jdt_ws
java_class_path (initial): c:\Users\Administrator\.vscode\extensions\redhat.java-0.55.1\server\plugins\org.eclipse.equinox.launcher_1.5.600.v20191014-2022.jar
Launcher Type: SUN_STANDARD

Environment Variables:
JAVA_HOME=C:\Program Files\Java\jdk1.8.0_211
PATH=C:\Program Files (x86)\Common Files\Oracle\Java\javapath;C:\ProgramData\Oracle\Java\javapath;C:\WINDOWS\system32;C:\WINDOWS;C:\WINDOWS\System32\Wbem;C:\WINDOWS\System32\WindowsPowerShell\v1.0\;C:\WINDOWS\System32\OpenSSH\;C:\Program Files (x86)\Webex\Webex\Applications;C:\Program Files\Git\cmd;C:\apache-tomcat-8.5.24\bin;C:\apache-maven-3.5.0-bin\apache-maven-3.5.0\bin;C:\Program Files\nodejs\;C:\Program Files\Java\jdk1.8.0_211\bin;C:\Program Files (x86)\Common Files\Oracle\Java\javapath;C:\ProgramData\Oracle\Java\javapath;C:\WINDOWS\system32;C:\WINDOWS;C:\WINDOWS\System32\Wbem;C:\WINDOWS\System32\WindowsPowerShell\v1.0\;C:\WINDOWS\System32\OpenSSH\;C:\Program Files (x86)\Webex\Webex\Applications;C:\Program Files\Git\cmd;C:\apache-tomcat-8.5.24\bin;C:\apache-maven-3.5.0-bin\apache-maven-3.5.0\bin;C:\Program Files\nodejs\;C:\Program Files\Java\jdk1.8.0_211\bin;
USERNAME=Administrator
OS=Windows_NT
PROCESSOR_IDENTIFIER=Intel64 Family 6 Model 42 Stepping 7, GenuineIntel



---------------  S Y S T E M  ---------------

OS: Windows 10.0 , 64 bit Build 17763 (10.0.17763.475)

CPU:total 4 (initial active 4) (2 cores per cpu, 2 threads per core) family 6 model 42 stepping 7, cmov, cx8, fxsr, mmx, sse, sse2, sse3, ssse3, sse4.1, sse4.2, popcnt, avx, clmul, ht, tsc, tscinvbit

Memory: 4k page, physical 4039056k(644336k free), swap 6791568k(1716504k free)

vm_info: Java HotSpot(TM) 64-Bit Server VM (25.211-b12) for windows-amd64 JRE (1.8.0_211-b12), built on Apr  1 2019 20:53:26 by "java_re" with MS VC++ 10.0 (VS2010)

time: Mon Feb 03 12:32:42 2021
timezone: India Standard Time
elapsed time: 1030 seconds (0d 0h 17m 10s)

